<?xml version="1.0" encoding="UTF-8"?>
<!-- Generated by org.testng.reporters.JUnitReportReporter -->
<testsuite hostname="Kushmanda" failures="0" tests="1" name="PDFReaderTest" time="5.416" errors="0" timestamp="28 Nov 2023 05:01:11 GMT" skipped="0">
  <testcase classname="PDFReaderTest" name="readPDFTest" time="5.416"/>
</testsuite> <!-- PDFReaderTest -->
